
-----
Test: tests/test_google_maps_api.py::Test_create_palce::test_create_new_place (call)
Time: 2022-11-04 18:56:46.040948
Request method: POST
Request URL: https://rahulshettyacademy.com/maps/api/place/add/json?key=qaclick123

Responce code: 200
Responce text: {"status":"OK","place_id":"c0064c88837f121bf41b734a5ceb3fd8","scope":"APP","reference":"d45f2f4157812fa94379d647ae09035ed45f2f4157812fa94379d647ae09035e","id":"d45f2f4157812fa94379d647ae09035e"}
Responce Headers: {'Date': 'Fri, 04 Nov 2022 15:56:46 GMT', 'Server': 'Apache/2.4.41 (Ubuntu)', 'Access-Control-Allow-Origin': '*', 'Access-Control-Allow-Methods': 'POST', 'Access-Control-Max-Age': '3600', 'Access-Control-Allow-Headers': 'Content-Type, Access-Control-Allow-Headers, Authorization, X-Requested-With', 'Content-Length': '194', 'Keep-Alive': 'timeout=5, max=100', 'Connection': 'Keep-Alive', 'Content-Type': 'application/json;charset=UTF-8'}
Responce Cookies: {}

-----

-----
Test: tests/test_google_maps_api.py::Test_create_palce::test_create_new_place (call)
Time: 2022-11-04 18:56:46.938094
Request method: GET
Request URL: https://rahulshettyacademy.com/maps/api/place/get/json?key=qaclick123&place_id=c0064c88837f121bf41b734a5ceb3fd8

Responce code: 200
Responce text: {"location":{"latitude":"-38.383494","longitude":"33.427362"},"accuracy":"50","name":"Frontline house","phone_number":"(+91) 983 893 3937","address":"29, side layout, cohen 09","types":"shoe park,shop","website":"http:\/\/google.com","language":"French-IN"}
Responce Headers: {'Date': 'Fri, 04 Nov 2022 15:56:47 GMT', 'Server': 'Apache/2.4.41 (Ubuntu)', 'Access-Control-Allow-Origin': '*', 'Access-Control-Allow-Methods': 'POST', 'Access-Control-Max-Age': '3600', 'Access-Control-Allow-Headers': 'Content-Type, Access-Control-Allow-Headers, Authorization, X-Requested-With', 'Content-Length': '257', 'Keep-Alive': 'timeout=5, max=100', 'Connection': 'Keep-Alive', 'Content-Type': 'application/json;charset=UTF-8'}
Responce Cookies: {}

-----

-----
Test: tests/test_google_maps_api.py::Test_create_palce::test_create_new_place (call)
Time: 2022-11-04 18:56:48.010312
Request method: PUT
Request URL: https://rahulshettyacademy.com/maps/api/place/update/json?key=qaclick123

Responce code: 200
Responce text: {"msg":"Address successfully updated"}
Responce Headers: {'Date': 'Fri, 04 Nov 2022 15:56:49 GMT', 'Server': 'Apache/2.4.41 (Ubuntu)', 'Access-Control-Allow-Origin': '*', 'Access-Control-Allow-Methods': 'POST', 'Access-Control-Max-Age': '3600', 'Access-Control-Allow-Headers': 'Content-Type, Access-Control-Allow-Headers, Authorization, X-Requested-With', 'Content-Length': '38', 'Keep-Alive': 'timeout=5, max=100', 'Connection': 'Keep-Alive', 'Content-Type': 'application/json;charset=UTF-8'}
Responce Cookies: {}

-----

-----
Test: tests/test_google_maps_api.py::Test_create_palce::test_create_new_place (call)
Time: 2022-11-04 18:56:49.553917
Request method: GET
Request URL: https://rahulshettyacademy.com/maps/api/place/get/json?key=qaclick123&place_id=c0064c88837f121bf41b734a5ceb3fd8

Responce code: 200
Responce text: {"location":{"latitude":"-38.383494","longitude":"33.427362"},"accuracy":"50","name":"Frontline house","phone_number":"(+91) 983 893 3937","address":"100 Lenina street, RU","types":"shoe park,shop","website":"http:\/\/google.com","language":"French-IN"}
Responce Headers: {'Date': 'Fri, 04 Nov 2022 15:56:50 GMT', 'Server': 'Apache/2.4.41 (Ubuntu)', 'Access-Control-Allow-Origin': '*', 'Access-Control-Allow-Methods': 'POST', 'Access-Control-Max-Age': '3600', 'Access-Control-Allow-Headers': 'Content-Type, Access-Control-Allow-Headers, Authorization, X-Requested-With', 'Content-Length': '253', 'Keep-Alive': 'timeout=5, max=100', 'Connection': 'Keep-Alive', 'Content-Type': 'application/json;charset=UTF-8'}
Responce Cookies: {}

-----

-----
Test: tests/test_google_maps_api.py::Test_create_palce::test_create_new_place (call)
Time: 2022-11-04 18:56:50.659507
Request method: DELETE
Request URL: https://rahulshettyacademy.com/maps/api/place/delete/json?key=qaclick123

Responce code: 200
Responce text: {"status":"OK"}
Responce Headers: {'Date': 'Fri, 04 Nov 2022 15:56:51 GMT', 'Server': 'Apache/2.4.41 (Ubuntu)', 'Access-Control-Allow-Origin': '*', 'Access-Control-Allow-Methods': 'POST', 'Access-Control-Max-Age': '3600', 'Access-Control-Allow-Headers': 'Content-Type, Access-Control-Allow-Headers, Authorization, X-Requested-With', 'Content-Length': '15', 'Keep-Alive': 'timeout=5, max=100', 'Connection': 'Keep-Alive', 'Content-Type': 'application/json;charset=UTF-8'}
Responce Cookies: {}

-----

-----
Test: tests/test_google_maps_api.py::Test_create_palce::test_create_new_place (call)
Time: 2022-11-04 18:56:51.786603
Request method: GET
Request URL: https://rahulshettyacademy.com/maps/api/place/get/json?key=qaclick123&place_id=c0064c88837f121bf41b734a5ceb3fd8

Responce code: 404
Responce text: {"msg":"Get operation failed, looks like place_id  doesn't exists"}
Responce Headers: {'Date': 'Fri, 04 Nov 2022 15:56:52 GMT', 'Server': 'Apache/2.4.41 (Ubuntu)', 'Access-Control-Allow-Origin': '*', 'Access-Control-Allow-Methods': 'POST', 'Access-Control-Max-Age': '3600', 'Access-Control-Allow-Headers': 'Content-Type, Access-Control-Allow-Headers, Authorization, X-Requested-With', 'Content-Length': '67', 'Keep-Alive': 'timeout=5, max=100', 'Connection': 'Keep-Alive', 'Content-Type': 'application/json;charset=UTF-8'}
Responce Cookies: {}

-----
