
-----
Test: tests/test_google_maps_api.py::Test_create_palce::test_create_new_place (call)
Time: 2022-11-04 19:27:29.747034
Request method: POST
Request URL: https://rahulshettyacademy.com/maps/api/place/add/json?key=qaclick123

Responce code: 200
Responce text: {"status":"OK","place_id":"62b5bc5f280706140578f6ccd6c270c6","scope":"APP","reference":"daa00d159dd6b3f1e754e018c43c9e7adaa00d159dd6b3f1e754e018c43c9e7a","id":"daa00d159dd6b3f1e754e018c43c9e7a"}
Responce Headers: {'Date': 'Fri, 04 Nov 2022 16:27:29 GMT', 'Server': 'Apache/2.4.41 (Ubuntu)', 'Access-Control-Allow-Origin': '*', 'Access-Control-Allow-Methods': 'POST', 'Access-Control-Max-Age': '3600', 'Access-Control-Allow-Headers': 'Content-Type, Access-Control-Allow-Headers, Authorization, X-Requested-With', 'Content-Length': '194', 'Keep-Alive': 'timeout=5, max=100', 'Connection': 'Keep-Alive', 'Content-Type': 'application/json;charset=UTF-8'}
Responce Cookies: {}

-----

-----
Test: tests/test_google_maps_api.py::Test_create_palce::test_create_new_place (call)
Time: 2022-11-04 19:27:30.923054
Request method: GET
Request URL: https://rahulshettyacademy.com/maps/api/place/get/json?key=qaclick123&place_id=62b5bc5f280706140578f6ccd6c270c6

Responce code: 200
Responce text: {"location":{"latitude":"-38.383494","longitude":"33.427362"},"accuracy":"50","name":"Frontline house","phone_number":"(+91) 983 893 3937","address":"29, side layout, cohen 09","types":"shoe park,shop","website":"http:\/\/google.com","language":"French-IN"}
Responce Headers: {'Date': 'Fri, 04 Nov 2022 16:27:30 GMT', 'Server': 'Apache/2.4.41 (Ubuntu)', 'Access-Control-Allow-Origin': '*', 'Access-Control-Allow-Methods': 'POST', 'Access-Control-Max-Age': '3600', 'Access-Control-Allow-Headers': 'Content-Type, Access-Control-Allow-Headers, Authorization, X-Requested-With', 'Content-Length': '257', 'Keep-Alive': 'timeout=5, max=100', 'Connection': 'Keep-Alive', 'Content-Type': 'application/json;charset=UTF-8'}
Responce Cookies: {}

-----

-----
Test: tests/test_google_maps_api.py::Test_create_palce::test_create_new_place (call)
Time: 2022-11-04 19:27:31.829485
Request method: PUT
Request URL: https://rahulshettyacademy.com/maps/api/place/update/json?key=qaclick123

Responce code: 200
Responce text: {"msg":"Address successfully updated"}
Responce Headers: {'Date': 'Fri, 04 Nov 2022 16:27:31 GMT', 'Server': 'Apache/2.4.41 (Ubuntu)', 'Access-Control-Allow-Origin': '*', 'Access-Control-Allow-Methods': 'POST', 'Access-Control-Max-Age': '3600', 'Access-Control-Allow-Headers': 'Content-Type, Access-Control-Allow-Headers, Authorization, X-Requested-With', 'Content-Length': '38', 'Keep-Alive': 'timeout=5, max=100', 'Connection': 'Keep-Alive', 'Content-Type': 'application/json;charset=UTF-8'}
Responce Cookies: {}

-----

-----
Test: tests/test_google_maps_api.py::Test_create_palce::test_create_new_place (call)
Time: 2022-11-04 19:27:32.903546
Request method: GET
Request URL: https://rahulshettyacademy.com/maps/api/place/get/json?key=qaclick123&place_id=62b5bc5f280706140578f6ccd6c270c6

Responce code: 200
Responce text: {"location":{"latitude":"-38.383494","longitude":"33.427362"},"accuracy":"50","name":"Frontline house","phone_number":"(+91) 983 893 3937","address":"100 Lenina street, RU","types":"shoe park,shop","website":"http:\/\/google.com","language":"French-IN"}
Responce Headers: {'Date': 'Fri, 04 Nov 2022 16:27:32 GMT', 'Server': 'Apache/2.4.41 (Ubuntu)', 'Access-Control-Allow-Origin': '*', 'Access-Control-Allow-Methods': 'POST', 'Access-Control-Max-Age': '3600', 'Access-Control-Allow-Headers': 'Content-Type, Access-Control-Allow-Headers, Authorization, X-Requested-With', 'Content-Length': '253', 'Keep-Alive': 'timeout=5, max=100', 'Connection': 'Keep-Alive', 'Content-Type': 'application/json;charset=UTF-8'}
Responce Cookies: {}

-----

-----
Test: tests/test_google_maps_api.py::Test_create_palce::test_create_new_place (call)
Time: 2022-11-04 19:27:33.785897
Request method: DELETE
Request URL: https://rahulshettyacademy.com/maps/api/place/delete/json?key=qaclick123

Responce code: 200
Responce text: {"status":"OK"}
Responce Headers: {'Date': 'Fri, 04 Nov 2022 16:27:33 GMT', 'Server': 'Apache/2.4.41 (Ubuntu)', 'Access-Control-Allow-Origin': '*', 'Access-Control-Allow-Methods': 'POST', 'Access-Control-Max-Age': '3600', 'Access-Control-Allow-Headers': 'Content-Type, Access-Control-Allow-Headers, Authorization, X-Requested-With', 'Content-Length': '15', 'Keep-Alive': 'timeout=5, max=100', 'Connection': 'Keep-Alive', 'Content-Type': 'application/json;charset=UTF-8'}
Responce Cookies: {}

-----

-----
Test: tests/test_google_maps_api.py::Test_create_palce::test_create_new_place (call)
Time: 2022-11-04 19:27:34.894141
Request method: GET
Request URL: https://rahulshettyacademy.com/maps/api/place/get/json?key=qaclick123&place_id=62b5bc5f280706140578f6ccd6c270c6

Responce code: 404
Responce text: {"msg":"Get operation failed, looks like place_id  doesn't exists"}
Responce Headers: {'Date': 'Fri, 04 Nov 2022 16:27:34 GMT', 'Server': 'Apache/2.4.41 (Ubuntu)', 'Access-Control-Allow-Origin': '*', 'Access-Control-Allow-Methods': 'POST', 'Access-Control-Max-Age': '3600', 'Access-Control-Allow-Headers': 'Content-Type, Access-Control-Allow-Headers, Authorization, X-Requested-With', 'Content-Length': '67', 'Keep-Alive': 'timeout=5, max=100', 'Connection': 'Keep-Alive', 'Content-Type': 'application/json;charset=UTF-8'}
Responce Cookies: {}

-----
